Aug 25 20:58:55 com_ccevents [debug] 

Aug 25 20:58:55 com_ccevents [debug] action scope=exbt class=ExhibitionAction file=/Applications/MAMP/htdocs/scc/src/administrator/components/com_ccevents/WEB-INF/actions/ExhibitionAction.php
Aug 25 20:59:23 com_ccevents [debug] 

Aug 25 20:59:23 com_ccevents [debug] action scope=exbt class=ExhibitionAction file=/Applications/MAMP/htdocs/scc/src/administrator/components/com_ccevents/WEB-INF/actions/ExhibitionAction.php
Aug 25 20:59:37 com_ccevents [debug] 

Aug 25 20:59:37 com_ccevents [debug] action scope=exbt class=ExhibitionAction file=/Applications/MAMP/htdocs/scc/src/administrator/components/com_ccevents/WEB-INF/actions/ExhibitionAction.php
Aug 25 20:59:46 com_ccevents [debug] 

Aug 25 20:59:46 com_ccevents [debug] action scope=exbt class=ExhibitionAction file=/Applications/MAMP/htdocs/scc/src/administrator/components/com_ccevents/WEB-INF/actions/ExhibitionAction.php
Aug 25 21:00:14 com_ccevents [debug] 

Aug 25 21:00:14 com_ccevents [debug] action scope=exbt class=ExhibitionAction file=/Applications/MAMP/htdocs/scc/src/administrator/components/com_ccevents/WEB-INF/actions/ExhibitionAction.php
Aug 25 21:00:24 com_ccevents [debug] 

Aug 25 21:00:24 com_ccevents [debug] action scope=exbt class=ExhibitionAction file=/Applications/MAMP/htdocs/scc/src/administrator/components/com_ccevents/WEB-INF/actions/ExhibitionAction.php
Aug 25 21:05:31 com_ccevents [debug] 

Aug 25 21:05:31 com_ccevents [debug] action scope=exbt class=ExhibitionAction file=/Applications/MAMP/htdocs/scc/src/administrator/components/com_ccevents/WEB-INF/actions/ExhibitionAction.php
Aug 25 21:05:37 com_ccevents [debug] 

Aug 25 21:05:37 com_ccevents [debug] action scope=exbt class=ExhibitionAction file=/Applications/MAMP/htdocs/scc/src/administrator/components/com_ccevents/WEB-INF/actions/ExhibitionAction.php
Aug 25 21:10:40 com_ccevents [debug] 

Aug 25 21:10:40 com_ccevents [debug] action scope=exbt class=ExhibitionAction file=/Applications/MAMP/htdocs/scc/src/administrator/components/com_ccevents/WEB-INF/actions/ExhibitionAction.php
Aug 25 21:10:49 com_ccevents [debug] 

Aug 25 21:10:49 com_ccevents [debug] action scope=exbt class=ExhibitionAction file=/Applications/MAMP/htdocs/scc/src/administrator/components/com_ccevents/WEB-INF/actions/ExhibitionAction.php
Aug 25 21:13:17 com_ccevents [debug] 

Aug 25 21:13:17 com_ccevents [debug] action scope=exbt class=ExhibitionAction file=/Applications/MAMP/htdocs/scc/src/administrator/components/com_ccevents/WEB-INF/actions/ExhibitionAction.php
Aug 25 21:13:38 com_ccevents [debug] 

Aug 25 21:13:38 com_ccevents [debug] action scope=exbt class=ExhibitionAction file=/Applications/MAMP/htdocs/scc/src/administrator/components/com_ccevents/WEB-INF/actions/ExhibitionAction.php
Aug 25 21:14:06 com_ccevents [debug] 

Aug 25 21:14:06 com_ccevents [debug] action scope=exbt class=ExhibitionAction file=/Applications/MAMP/htdocs/scc/src/administrator/components/com_ccevents/WEB-INF/actions/ExhibitionAction.php
Aug 25 21:14:14 com_ccevents [debug] 

Aug 25 21:14:14 com_ccevents [debug] action scope=exbt class=ExhibitionAction file=/Applications/MAMP/htdocs/scc/src/administrator/components/com_ccevents/WEB-INF/actions/ExhibitionAction.php
Aug 25 21:14:23 com_ccevents [debug] 

Aug 25 21:14:23 com_ccevents [debug] action scope=exbt class=ExhibitionAction file=/Applications/MAMP/htdocs/scc/src/administrator/components/com_ccevents/WEB-INF/actions/ExhibitionAction.php
Aug 25 21:14:30 com_ccevents [debug] 

Aug 25 21:14:30 com_ccevents [debug] action scope=exbt class=ExhibitionAction file=/Applications/MAMP/htdocs/scc/src/administrator/components/com_ccevents/WEB-INF/actions/ExhibitionAction.php
Aug 25 21:14:35 com_ccevents [debug] 

Aug 25 21:14:35 com_ccevents [debug] action scope=exbt class=ExhibitionAction file=/Applications/MAMP/htdocs/scc/src/administrator/components/com_ccevents/WEB-INF/actions/ExhibitionAction.php
Aug 25 21:14:41 com_ccevents [debug] 

Aug 25 21:14:41 com_ccevents [debug] action scope=exbt class=ExhibitionAction file=/Applications/MAMP/htdocs/scc/src/administrator/components/com_ccevents/WEB-INF/actions/ExhibitionAction.php
Aug 25 21:14:45 com_ccevents [debug] 

Aug 25 21:14:45 com_ccevents [debug] action scope=exbt class=ExhibitionAction file=/Applications/MAMP/htdocs/scc/src/administrator/components/com_ccevents/WEB-INF/actions/ExhibitionAction.php
Aug 25 21:15:32 com_ccevents [debug] 

Aug 25 21:15:32 com_ccevents [debug] action scope=exbt class=ExhibitionAction file=/Applications/MAMP/htdocs/scc/src/administrator/components/com_ccevents/WEB-INF/actions/ExhibitionAction.php
Aug 25 21:15:45 com_ccevents [debug] 

Aug 25 21:15:45 com_ccevents [debug] action scope=exbt class=ExhibitionAction file=/Applications/MAMP/htdocs/scc/src/administrator/components/com_ccevents/WEB-INF/actions/ExhibitionAction.php
Aug 25 21:16:01 com_ccevents [debug] 

Aug 25 21:16:01 com_ccevents [debug] action scope=exbt class=ExhibitionAction file=/Applications/MAMP/htdocs/scc/src/administrator/components/com_ccevents/WEB-INF/actions/ExhibitionAction.php
Aug 25 21:16:25 com_ccevents [debug] 

Aug 25 21:16:25 com_ccevents [debug] action scope=exbt class=ExhibitionAction file=/Applications/MAMP/htdocs/scc/src/administrator/components/com_ccevents/WEB-INF/actions/ExhibitionAction.php
Aug 25 21:16:31 com_ccevents [debug] 

Aug 25 21:16:31 com_ccevents [debug] action scope=exbt class=ExhibitionAction file=/Applications/MAMP/htdocs/scc/src/administrator/components/com_ccevents/WEB-INF/actions/ExhibitionAction.php
Aug 25 21:27:31 com_ccevents [debug] 

Aug 25 21:27:31 com_ccevents [debug] action scope=exbt class=ExhibitionAction file=/Applications/MAMP/htdocs/scc/src/administrator/components/com_ccevents/WEB-INF/actions/ExhibitionAction.php
Aug 25 21:27:32 com_ccevents [debug] 

Aug 25 21:27:32 com_ccevents [debug] action scope=exbt class=ExhibitionAction file=/Applications/MAMP/htdocs/scc/src/administrator/components/com_ccevents/WEB-INF/actions/ExhibitionAction.php
Aug 25 21:28:27 com_ccevents [debug] 

Aug 25 21:28:27 com_ccevents [debug] action scope=exbt class=ExhibitionAction file=/Applications/MAMP/htdocs/scc/src/administrator/components/com_ccevents/WEB-INF/actions/ExhibitionAction.php
Aug 25 21:48:56 com_ccevents [debug] 

Aug 25 21:48:56 com_ccevents [debug] action scope=exbt class=ExhibitionAction file=/Applications/MAMP/htdocs/scc/src/administrator/components/com_ccevents/WEB-INF/actions/ExhibitionAction.php
Aug 25 21:49:20 com_ccevents [debug] 

Aug 25 21:49:20 com_ccevents [debug] action scope=exbt class=ExhibitionAction file=/Applications/MAMP/htdocs/scc/src/administrator/components/com_ccevents/WEB-INF/actions/ExhibitionAction.php
Aug 25 21:49:35 com_ccevents [debug] 

Aug 25 21:49:35 com_ccevents [debug] action scope=exbt class=ExhibitionAction file=/Applications/MAMP/htdocs/scc/src/administrator/components/com_ccevents/WEB-INF/actions/ExhibitionAction.php
Aug 25 21:49:41 com_ccevents [debug] 

Aug 25 21:49:41 com_ccevents [debug] action scope=exbt class=ExhibitionAction file=/Applications/MAMP/htdocs/scc/src/administrator/components/com_ccevents/WEB-INF/actions/ExhibitionAction.php
Aug 25 21:49:53 com_ccevents [debug] 

Aug 25 21:49:53 com_ccevents [debug] action scope=exbt class=ExhibitionAction file=/Applications/MAMP/htdocs/scc/src/administrator/components/com_ccevents/WEB-INF/actions/ExhibitionAction.php
Aug 25 21:49:58 com_ccevents [debug] 

Aug 25 21:49:58 com_ccevents [debug] action scope=exbt class=ExhibitionAction file=/Applications/MAMP/htdocs/scc/src/administrator/components/com_ccevents/WEB-INF/actions/ExhibitionAction.php
Aug 25 21:50:28 com_ccevents [debug] 

Aug 25 21:50:28 com_ccevents [debug] action scope=exbt class=ExhibitionAction file=/Applications/MAMP/htdocs/scc/src/administrator/components/com_ccevents/WEB-INF/actions/ExhibitionAction.php
Aug 25 21:50:33 com_ccevents [debug] 

Aug 25 21:50:33 com_ccevents [debug] action scope=exbt class=ExhibitionAction file=/Applications/MAMP/htdocs/scc/src/administrator/components/com_ccevents/WEB-INF/actions/ExhibitionAction.php
Aug 25 21:50:57 com_ccevents [debug] 

Aug 25 21:50:57 com_ccevents [debug] action scope=exbt class=ExhibitionAction file=/Applications/MAMP/htdocs/scc/src/administrator/components/com_ccevents/WEB-INF/actions/ExhibitionAction.php
Aug 25 21:51:02 com_ccevents [debug] 

Aug 25 21:51:02 com_ccevents [debug] action scope=exbt class=ExhibitionAction file=/Applications/MAMP/htdocs/scc/src/administrator/components/com_ccevents/WEB-INF/actions/ExhibitionAction.php
Aug 25 21:51:29 com_ccevents [debug] 

Aug 25 21:51:29 com_ccevents [debug] action scope=exbt class=ExhibitionAction file=/Applications/MAMP/htdocs/scc/src/administrator/components/com_ccevents/WEB-INF/actions/ExhibitionAction.php
Aug 25 21:51:35 com_ccevents [debug] 

Aug 25 21:51:35 com_ccevents [debug] action scope=exbt class=ExhibitionAction file=/Applications/MAMP/htdocs/scc/src/administrator/components/com_ccevents/WEB-INF/actions/ExhibitionAction.php
Aug 25 21:52:04 com_ccevents [debug] 

Aug 25 21:52:04 com_ccevents [debug] action scope=exbt class=ExhibitionAction file=/Applications/MAMP/htdocs/scc/src/administrator/components/com_ccevents/WEB-INF/actions/ExhibitionAction.php
Aug 25 21:52:15 com_ccevents [debug] 

Aug 25 21:52:15 com_ccevents [debug] action scope=exbt class=ExhibitionAction file=/Applications/MAMP/htdocs/scc/src/administrator/components/com_ccevents/WEB-INF/actions/ExhibitionAction.php
Aug 25 21:52:18 com_ccevents [debug] 

Aug 25 21:52:18 com_ccevents [debug] action scope=exbt class=ExhibitionAction file=/Applications/MAMP/htdocs/scc/src/administrator/components/com_ccevents/WEB-INF/actions/ExhibitionAction.php
Aug 25 21:52:20 com_ccevents [debug] 

Aug 25 21:52:20 com_ccevents [debug] action scope=exbt class=ExhibitionAction file=/Applications/MAMP/htdocs/scc/src/administrator/components/com_ccevents/WEB-INF/actions/ExhibitionAction.php
Aug 25 21:53:00 com_ccevents [debug] 

Aug 25 21:53:00 com_ccevents [debug] action scope=exbt class=ExhibitionAction file=/Applications/MAMP/htdocs/scc/src/administrator/components/com_ccevents/WEB-INF/actions/ExhibitionAction.php
Aug 25 21:53:03 com_ccevents [debug] 

Aug 25 21:53:03 com_ccevents [debug] action scope=exbt class=ExhibitionAction file=/Applications/MAMP/htdocs/scc/src/administrator/components/com_ccevents/WEB-INF/actions/ExhibitionAction.php
Aug 25 21:53:34 com_ccevents [debug] 

Aug 25 21:53:34 com_ccevents [debug] action scope=exbt class=ExhibitionAction file=/Applications/MAMP/htdocs/scc/src/administrator/components/com_ccevents/WEB-INF/actions/ExhibitionAction.php
Aug 25 21:53:47 com_ccevents [debug] 

Aug 25 21:53:47 com_ccevents [debug] action scope=exbt class=ExhibitionAction file=/Applications/MAMP/htdocs/scc/src/administrator/components/com_ccevents/WEB-INF/actions/ExhibitionAction.php
Aug 25 21:54:20 com_ccevents [debug] 

Aug 25 21:54:20 com_ccevents [debug] action scope=exbt class=ExhibitionAction file=/Applications/MAMP/htdocs/scc/src/administrator/components/com_ccevents/WEB-INF/actions/ExhibitionAction.php
Aug 25 21:55:04 com_ccevents [debug] 

Aug 25 21:55:04 com_ccevents [debug] action scope=exbt class=ExhibitionAction file=/Applications/MAMP/htdocs/scc/src/administrator/components/com_ccevents/WEB-INF/actions/ExhibitionAction.php
Aug 25 21:55:37 com_ccevents [debug] 

Aug 25 21:55:37 com_ccevents [debug] action scope=exbt class=ExhibitionAction file=/Applications/MAMP/htdocs/scc/src/administrator/components/com_ccevents/WEB-INF/actions/ExhibitionAction.php
Aug 25 22:01:33 com_ccevents [debug] 

Aug 25 22:01:33 com_ccevents [debug] action scope=exbt class=ExhibitionAction file=/Applications/MAMP/htdocs/scc/src/administrator/components/com_ccevents/WEB-INF/actions/ExhibitionAction.php
Aug 25 22:03:37 com_ccevents [debug] 

Aug 25 22:03:37 com_ccevents [debug] action scope=exbt class=ExhibitionAction file=/Applications/MAMP/htdocs/scc/src/administrator/components/com_ccevents/WEB-INF/actions/ExhibitionAction.php
Aug 25 22:04:27 com_ccevents [debug] 

Aug 25 22:04:27 com_ccevents [debug] action scope=exbt class=ExhibitionAction file=/Applications/MAMP/htdocs/scc/src/administrator/components/com_ccevents/WEB-INF/actions/ExhibitionAction.php
Aug 25 22:04:41 com_ccevents [debug] 

Aug 25 22:04:41 com_ccevents [debug] action scope=exbt class=ExhibitionAction file=/Applications/MAMP/htdocs/scc/src/administrator/components/com_ccevents/WEB-INF/actions/ExhibitionAction.php
Aug 25 22:06:11 com_ccevents [debug] 

Aug 25 22:06:11 com_ccevents [debug] action scope=exbt class=ExhibitionAction file=/Applications/MAMP/htdocs/scc/src/administrator/components/com_ccevents/WEB-INF/actions/ExhibitionAction.php
Aug 25 22:18:45 com_ccevents [debug] 

Aug 25 22:18:45 com_ccevents [debug] action scope=exbt class=ExhibitionAction file=/Applications/MAMP/htdocs/scc/src/administrator/components/com_ccevents/WEB-INF/actions/ExhibitionAction.php
Aug 25 22:22:12 com_ccevents [debug] 

Aug 25 22:22:12 com_ccevents [debug] action scope=exbt class=ExhibitionAction file=/Applications/MAMP/htdocs/scc/src/administrator/components/com_ccevents/WEB-INF/actions/ExhibitionAction.php
Aug 25 22:24:51 com_ccevents [debug] 

Aug 25 22:24:51 com_ccevents [debug] action scope=exbt class=ExhibitionAction file=/Applications/MAMP/htdocs/scc/src/administrator/components/com_ccevents/WEB-INF/actions/ExhibitionAction.php
Aug 25 22:27:52 com_ccevents [debug] 

Aug 25 22:27:52 com_ccevents [debug] action scope=exbt class=ExhibitionAction file=/Applications/MAMP/htdocs/scc/src/administrator/components/com_ccevents/WEB-INF/actions/ExhibitionAction.php
Aug 25 22:27:55 com_ccevents [debug] 

Aug 25 22:27:55 com_ccevents [debug] action scope=exbt class=ExhibitionAction file=/Applications/MAMP/htdocs/scc/src/administrator/components/com_ccevents/WEB-INF/actions/ExhibitionAction.php
Aug 25 22:43:13 com_ccevents [debug] 

Aug 25 22:43:13 com_ccevents [debug] action scope=exbt class=ExhibitionAction file=/Applications/MAMP/htdocs/scc/src/administrator/components/com_ccevents/WEB-INF/actions/ExhibitionAction.php
Aug 25 22:43:19 com_ccevents [debug] 

Aug 25 22:43:19 com_ccevents [debug] action scope=exbt class=ExhibitionAction file=/Applications/MAMP/htdocs/scc/src/administrator/components/com_ccevents/WEB-INF/actions/ExhibitionAction.php
Aug 25 22:43:41 com_ccevents [debug] 

Aug 25 22:43:41 com_ccevents [debug] action scope=exbt class=ExhibitionAction file=/Applications/MAMP/htdocs/scc/src/administrator/components/com_ccevents/WEB-INF/actions/ExhibitionAction.php
Aug 25 22:44:09 com_ccevents [debug] 

Aug 25 22:44:09 com_ccevents [debug] action scope=exbt class=ExhibitionAction file=/Applications/MAMP/htdocs/scc/src/administrator/components/com_ccevents/WEB-INF/actions/ExhibitionAction.php
Aug 25 22:44:11 com_ccevents [debug] 

Aug 25 22:44:11 com_ccevents [debug] action scope=exbt class=ExhibitionAction file=/Applications/MAMP/htdocs/scc/src/administrator/components/com_ccevents/WEB-INF/actions/ExhibitionAction.php
Aug 25 22:44:20 com_ccevents [debug] 

Aug 25 22:44:20 com_ccevents [debug] action scope=exbt class=ExhibitionAction file=/Applications/MAMP/htdocs/scc/src/administrator/components/com_ccevents/WEB-INF/actions/ExhibitionAction.php
Aug 25 22:44:45 com_ccevents [debug] 

Aug 25 22:44:45 com_ccevents [debug] action scope=exbt class=ExhibitionAction file=/Applications/MAMP/htdocs/scc/src/administrator/components/com_ccevents/WEB-INF/actions/ExhibitionAction.php
Aug 25 22:45:29 com_ccevents [debug] 

Aug 25 22:45:29 com_ccevents [debug] action scope=exbt class=ExhibitionAction file=/Applications/MAMP/htdocs/scc/src/administrator/components/com_ccevents/WEB-INF/actions/ExhibitionAction.php
Aug 25 22:45:59 com_ccevents [debug] 

Aug 25 22:45:59 com_ccevents [debug] action scope=exbt class=ExhibitionAction file=/Applications/MAMP/htdocs/scc/src/administrator/components/com_ccevents/WEB-INF/actions/ExhibitionAction.php
Aug 25 22:46:20 com_ccevents [debug] 

Aug 25 22:46:20 com_ccevents [debug] action scope=exbt class=ExhibitionAction file=/Applications/MAMP/htdocs/scc/src/administrator/components/com_ccevents/WEB-INF/actions/ExhibitionAction.php
Aug 25 22:46:25 com_ccevents [debug] 

Aug 25 22:46:25 com_ccevents [debug] action scope=exbt class=ExhibitionAction file=/Applications/MAMP/htdocs/scc/src/administrator/components/com_ccevents/WEB-INF/actions/ExhibitionAction.php
Aug 25 22:46:31 com_ccevents [debug] 

Aug 25 22:46:31 com_ccevents [debug] action scope=exbt class=ExhibitionAction file=/Applications/MAMP/htdocs/scc/src/administrator/components/com_ccevents/WEB-INF/actions/ExhibitionAction.php
Aug 25 22:49:49 com_ccevents [debug] 

Aug 25 22:49:49 com_ccevents [debug] action scope=exbt class=ExhibitionAction file=/Applications/MAMP/htdocs/scc/src/administrator/components/com_ccevents/WEB-INF/actions/ExhibitionAction.php
Aug 25 22:50:01 com_ccevents [debug] 

Aug 25 22:50:01 com_ccevents [debug] action scope=exbt class=ExhibitionAction file=/Applications/MAMP/htdocs/scc/src/administrator/components/com_ccevents/WEB-INF/actions/ExhibitionAction.php
Aug 25 22:50:08 com_ccevents [debug] 

Aug 25 22:50:08 com_ccevents [debug] action scope=exbt class=ExhibitionAction file=/Applications/MAMP/htdocs/scc/src/administrator/components/com_ccevents/WEB-INF/actions/ExhibitionAction.php
Aug 25 22:51:44 com_ccevents [debug] 

Aug 25 22:51:44 com_ccevents [debug] action scope=exbt class=ExhibitionAction file=/Applications/MAMP/htdocs/scc/src/administrator/components/com_ccevents/WEB-INF/actions/ExhibitionAction.php
Aug 25 22:53:19 com_ccevents [debug] 

Aug 25 22:53:19 com_ccevents [debug] action scope=exbt class=ExhibitionAction file=/Applications/MAMP/htdocs/scc/src/administrator/components/com_ccevents/WEB-INF/actions/ExhibitionAction.php
Aug 25 22:53:20 com_ccevents [debug] 

Aug 25 22:53:20 com_ccevents [debug] action scope=exbt class=ExhibitionAction file=/Applications/MAMP/htdocs/scc/src/administrator/components/com_ccevents/WEB-INF/actions/ExhibitionAction.php
Aug 25 22:53:32 com_ccevents [debug] 

Aug 25 22:53:32 com_ccevents [debug] action scope=exbt class=ExhibitionAction file=/Applications/MAMP/htdocs/scc/src/administrator/components/com_ccevents/WEB-INF/actions/ExhibitionAction.php
Aug 25 22:55:16 com_ccevents [debug] 

Aug 25 22:55:16 com_ccevents [debug] action scope=exbt class=ExhibitionAction file=/Applications/MAMP/htdocs/scc/src/administrator/components/com_ccevents/WEB-INF/actions/ExhibitionAction.php
Aug 25 22:56:13 com_ccevents [debug] 

Aug 25 22:56:13 com_ccevents [debug] action scope=exbt class=ExhibitionAction file=/Applications/MAMP/htdocs/scc/src/administrator/components/com_ccevents/WEB-INF/actions/ExhibitionAction.php
Aug 25 22:56:14 com_ccevents [debug] ExhibitionAction::execute()
Aug 25 22:56:14 com_ccevents [debug] ExhibitionAction::summary()
Aug 25 22:56:14 com_ccevents [debug] ExhibitionAction::setSummaryModel()
Aug 25 22:56:14 com_ccevents [debug] Size of pubStates array: 0
Aug 25 22:56:14 com_ccevents [debug] EventService::getEventsByPubState(Exhibition, , )
Aug 25 22:56:14 com_ccevents [debug] DB Query: from Exhibition as e where e.pubState is null or e.pubState.value != ?  order by displayOrder
Aug 25 22:56:14 com_ccevents [debug] DB Criteria: Archived
Aug 25 22:56:56 com_ccevents [debug] 

Aug 25 22:56:56 com_ccevents [debug] action scope=exbt class=ExhibitionAction file=/Applications/MAMP/htdocs/scc/src/administrator/components/com_ccevents/WEB-INF/actions/ExhibitionAction.php
Aug 25 22:56:56 com_ccevents [debug] ExhibitionAction::execute()
Aug 25 22:56:56 com_ccevents [debug] ExhibitionAction::summary()
Aug 25 22:56:56 com_ccevents [debug] ExhibitionAction::setSummaryModel()
Aug 25 22:56:56 com_ccevents [debug] Size of pubStates array: 0
Aug 25 22:56:56 com_ccevents [debug] EventService::getEventsByPubState(Exhibition, , )
Aug 25 22:56:56 com_ccevents [debug] DB Query: from Exhibition as e where e.pubState is null or e.pubState.value != ?  order by displayOrder
Aug 25 22:56:56 com_ccevents [debug] DB Criteria: Archived
Aug 25 22:57:12 com_ccevents [debug] 

Aug 25 22:57:12 com_ccevents [debug] action scope=exbt class=ExhibitionAction file=/Applications/MAMP/htdocs/scc/src/administrator/components/com_ccevents/WEB-INF/actions/ExhibitionAction.php
Aug 25 22:57:12 com_ccevents [debug] ExhibitionAction::execute()
Aug 25 22:57:12 com_ccevents [debug] ExhibitionAction::summary()
Aug 25 22:57:12 com_ccevents [debug] ExhibitionAction::setSummaryModel()
Aug 25 22:57:12 com_ccevents [debug] Size of pubStates array: 0
Aug 25 22:57:12 com_ccevents [debug] EventService::getEventsByPubState(Exhibition, , )
Aug 25 22:57:12 com_ccevents [debug] DB Query: from Exhibition as e where e.pubState is null or e.pubState.value != ?  order by displayOrder
Aug 25 22:57:12 com_ccevents [debug] DB Criteria: Archived
Aug 25 22:57:40 com_ccevents [debug] 

Aug 25 22:57:40 com_ccevents [debug] action scope=exbt class=ExhibitionAction file=/Applications/MAMP/htdocs/scc/src/administrator/components/com_ccevents/WEB-INF/actions/ExhibitionAction.php
Aug 25 22:57:40 com_ccevents [debug] ExhibitionAction::execute()
Aug 25 22:57:40 com_ccevents [debug] ExhibitionAction::summary()
Aug 25 22:57:40 com_ccevents [debug] ExhibitionAction::setSummaryModel()
Aug 25 22:57:40 com_ccevents [debug] Size of pubStates array: 0
Aug 25 22:57:40 com_ccevents [debug] EventService::getEventsByPubState(Exhibition, , )
Aug 25 22:57:40 com_ccevents [debug] DB Query: from Exhibition as e where e.pubState is null or e.pubState.value != ?  order by displayOrder
Aug 25 22:57:40 com_ccevents [debug] DB Criteria: Archived
Aug 25 22:59:15 com_ccevents [debug] 

Aug 25 22:59:15 com_ccevents [debug] action scope=exbt class=ExhibitionAction file=/Applications/MAMP/htdocs/scc/src/administrator/components/com_ccevents/WEB-INF/actions/ExhibitionAction.php
Aug 25 22:59:15 com_ccevents [debug] ExhibitionAction::execute()
Aug 25 22:59:15 com_ccevents [debug] ExhibitionAction::summary()
Aug 25 22:59:15 com_ccevents [debug] ExhibitionAction::setSummaryModel()
Aug 25 22:59:15 com_ccevents [debug] Size of pubStates array: 0
Aug 25 22:59:15 com_ccevents [debug] EventService::getEventsByPubState(Exhibition, , )
Aug 25 22:59:15 com_ccevents [debug] DB Query: from Exhibition as e where e.pubState is null or e.pubState.value != ?  order by displayOrder
Aug 25 22:59:15 com_ccevents [debug] DB Criteria: Archived
Aug 25 22:59:39 com_ccevents [debug] 

Aug 25 22:59:39 com_ccevents [debug] action scope=exbt class=ExhibitionAction file=/Applications/MAMP/htdocs/scc/src/administrator/components/com_ccevents/WEB-INF/actions/ExhibitionAction.php
Aug 25 22:59:39 com_ccevents [debug] ExhibitionAction::execute()
Aug 25 22:59:39 com_ccevents [debug] ExhibitionAction::summary()
Aug 25 22:59:39 com_ccevents [debug] ExhibitionAction::setSummaryModel()
Aug 25 22:59:39 com_ccevents [debug] Size of pubStates array: 0
Aug 25 22:59:39 com_ccevents [debug] EventService::getEventsByPubState(Exhibition, , )
Aug 25 22:59:39 com_ccevents [debug] DB Query: from Exhibition as e where e.pubState is null or e.pubState.value != ?  order by displayOrder
Aug 25 22:59:39 com_ccevents [debug] DB Criteria: Archived
Aug 25 23:01:06 com_ccevents [debug] 

Aug 25 23:01:06 com_ccevents [debug] action scope=exbt class=ExhibitionAction file=/Applications/MAMP/htdocs/scc/src/administrator/components/com_ccevents/WEB-INF/actions/ExhibitionAction.php
Aug 25 23:01:06 com_ccevents [debug] ExhibitionAction::execute()
Aug 25 23:01:06 com_ccevents [debug] ExhibitionAction::summary()
Aug 25 23:01:06 com_ccevents [debug] ExhibitionAction::setSummaryModel()
Aug 25 23:01:06 com_ccevents [debug] Size of pubStates array: 0
Aug 25 23:01:06 com_ccevents [debug] EventService::getEventsByPubState(Exhibition, , )
Aug 25 23:01:06 com_ccevents [debug] DB Query: from Exhibition as e where e.pubState is null or e.pubState.value != ?  order by displayOrder
Aug 25 23:01:06 com_ccevents [debug] DB Criteria: Archived
Aug 25 23:01:21 com_ccevents [debug] 

Aug 25 23:01:21 com_ccevents [debug] action scope=exbt class=ExhibitionAction file=/Applications/MAMP/htdocs/scc/src/administrator/components/com_ccevents/WEB-INF/actions/ExhibitionAction.php
Aug 25 23:01:21 com_ccevents [debug] ExhibitionAction::execute()
Aug 25 23:01:21 com_ccevents [debug] ExhibitionAction::summary()
Aug 25 23:01:21 com_ccevents [debug] ExhibitionAction::setSummaryModel()
Aug 25 23:01:21 com_ccevents [debug] Size of pubStates array: 0
Aug 25 23:01:21 com_ccevents [debug] EventService::getEventsByPubState(Exhibition, , )
Aug 25 23:01:21 com_ccevents [debug] DB Query: from Exhibition as e where e.pubState is null or e.pubState.value != ?  order by displayOrder
Aug 25 23:01:21 com_ccevents [debug] DB Criteria: Archived
Aug 25 23:01:47 com_ccevents [debug] 

Aug 25 23:01:47 com_ccevents [debug] action scope=exbt class=ExhibitionAction file=/Applications/MAMP/htdocs/scc/src/administrator/components/com_ccevents/WEB-INF/actions/ExhibitionAction.php
Aug 25 23:02:03 com_ccevents [debug] 

Aug 25 23:02:03 com_ccevents [debug] action scope=exbt class=ExhibitionAction file=/Applications/MAMP/htdocs/scc/src/administrator/components/com_ccevents/WEB-INF/actions/ExhibitionAction.php
Aug 25 23:02:03 com_ccevents [debug] ExhibitionAction::execute()
Aug 25 23:02:03 com_ccevents [debug] ExhibitionAction::summary()
Aug 25 23:02:03 com_ccevents [debug] ExhibitionAction::setSummaryModel()
Aug 25 23:02:03 com_ccevents [debug] Size of pubStates array: 0
Aug 25 23:02:03 com_ccevents [debug] EventService::getEventsByPubState(Exhibition, , )
Aug 25 23:02:03 com_ccevents [debug] DB Query: from Exhibition as e where e.pubState is null or e.pubState.value != ?  order by displayOrder
Aug 25 23:02:03 com_ccevents [debug] DB Criteria: Archived
Aug 25 23:03:26 com_ccevents [debug] 

Aug 25 23:03:26 com_ccevents [debug] action scope=exbt class=ExhibitionAction file=/Applications/MAMP/htdocs/scc/src/administrator/components/com_ccevents/WEB-INF/actions/ExhibitionAction.php
Aug 25 23:03:26 com_ccevents [debug] ExhibitionAction::execute()
Aug 25 23:03:26 com_ccevents [debug] ExhibitionAction::summary()
Aug 25 23:03:26 com_ccevents [debug] ExhibitionAction::setSummaryModel()
Aug 25 23:03:26 com_ccevents [debug] Size of pubStates array: 0
Aug 25 23:03:26 com_ccevents [debug] EventService::getEventsByPubState(Exhibition, , )
Aug 25 23:03:26 com_ccevents [debug] DB Query: from Exhibition as e where e.pubState is null or e.pubState.value != ?  order by displayOrder
Aug 25 23:03:26 com_ccevents [debug] DB Criteria: Archived
Aug 25 23:03:32 com_ccevents [debug] 

Aug 25 23:03:32 com_ccevents [debug] action scope=exbt class=ExhibitionAction file=/Applications/MAMP/htdocs/scc/src/administrator/components/com_ccevents/WEB-INF/actions/ExhibitionAction.php
Aug 25 23:03:32 com_ccevents [debug] ExhibitionAction::execute()
Aug 25 23:03:32 com_ccevents [debug] ExhibitionAction::summary()
Aug 25 23:03:32 com_ccevents [debug] ExhibitionAction::setSummaryModel()
Aug 25 23:03:32 com_ccevents [debug] Size of pubStates array: 0
Aug 25 23:03:32 com_ccevents [debug] EventService::getEventsByPubState(Exhibition, , )
Aug 25 23:03:32 com_ccevents [debug] DB Query: from Exhibition as e where e.pubState is null or e.pubState.value != ?  order by displayOrder
Aug 25 23:03:32 com_ccevents [debug] DB Criteria: Archived
Aug 25 23:03:37 com_ccevents [debug] 

Aug 25 23:03:37 com_ccevents [debug] action scope=exbt class=ExhibitionAction file=/Applications/MAMP/htdocs/scc/src/administrator/components/com_ccevents/WEB-INF/actions/ExhibitionAction.php
Aug 25 23:03:37 com_ccevents [debug] ExhibitionAction::execute()
Aug 25 23:03:37 com_ccevents [debug] ExhibitionAction::summary()
Aug 25 23:03:37 com_ccevents [debug] ExhibitionAction::setSummaryModel()
Aug 25 23:03:37 com_ccevents [debug] Size of pubStates array: 0
Aug 25 23:03:37 com_ccevents [debug] EventService::getEventsByPubState(Exhibition, , )
Aug 25 23:03:37 com_ccevents [debug] DB Query: from Exhibition as e where e.pubState is null or e.pubState.value != ?  order by displayOrder
Aug 25 23:03:37 com_ccevents [debug] DB Criteria: Archived
Aug 25 23:03:43 com_ccevents [debug] 

Aug 25 23:03:43 com_ccevents [debug] action scope=exbt class=ExhibitionAction file=/Applications/MAMP/htdocs/scc/src/administrator/components/com_ccevents/WEB-INF/actions/ExhibitionAction.php
Aug 25 23:03:43 com_ccevents [debug] ExhibitionAction::execute()
Aug 25 23:03:43 com_ccevents [debug] ExhibitionAction::summary()
Aug 25 23:03:43 com_ccevents [debug] ExhibitionAction::setSummaryModel()
Aug 25 23:03:43 com_ccevents [debug] Size of pubStates array: 0
Aug 25 23:03:43 com_ccevents [debug] EventService::getEventsByPubState(Exhibition, , )
Aug 25 23:03:43 com_ccevents [debug] DB Query: from Exhibition as e where e.pubState is null or e.pubState.value != ?  order by displayOrder
Aug 25 23:03:43 com_ccevents [debug] DB Criteria: Archived
Aug 25 23:03:48 com_ccevents [debug] 

Aug 25 23:03:48 com_ccevents [debug] action scope=exbt class=ExhibitionAction file=/Applications/MAMP/htdocs/scc/src/administrator/components/com_ccevents/WEB-INF/actions/ExhibitionAction.php
Aug 25 23:03:48 com_ccevents [debug] ExhibitionAction::execute()
Aug 25 23:03:48 com_ccevents [debug] ExhibitionAction::summary()
Aug 25 23:03:48 com_ccevents [debug] ExhibitionAction::setSummaryModel()
Aug 25 23:03:48 com_ccevents [debug] Size of pubStates array: 0
Aug 25 23:03:48 com_ccevents [debug] EventService::getEventsByPubState(Exhibition, , )
Aug 25 23:03:48 com_ccevents [debug] DB Query: from Exhibition as e where e.pubState is null or e.pubState.value != ?  order by displayOrder
Aug 25 23:03:48 com_ccevents [debug] DB Criteria: Archived
Aug 25 23:03:53 com_ccevents [debug] 

Aug 25 23:03:53 com_ccevents [debug] action scope=exbt class=ExhibitionAction file=/Applications/MAMP/htdocs/scc/src/administrator/components/com_ccevents/WEB-INF/actions/ExhibitionAction.php
Aug 25 23:03:53 com_ccevents [debug] ExhibitionAction::execute()
Aug 25 23:03:53 com_ccevents [debug] ExhibitionAction::summary()
Aug 25 23:03:53 com_ccevents [debug] ExhibitionAction::setSummaryModel()
Aug 25 23:03:53 com_ccevents [debug] Size of pubStates array: 0
Aug 25 23:03:53 com_ccevents [debug] EventService::getEventsByPubState(Exhibition, , )
Aug 25 23:03:53 com_ccevents [debug] DB Query: from Exhibition as e where e.pubState is null or e.pubState.value != ?  order by displayOrder
Aug 25 23:03:53 com_ccevents [debug] DB Criteria: Archived
Aug 25 23:03:57 com_ccevents [debug] 

Aug 25 23:03:57 com_ccevents [debug] action scope=exbt class=ExhibitionAction file=/Applications/MAMP/htdocs/scc/src/administrator/components/com_ccevents/WEB-INF/actions/ExhibitionAction.php
Aug 25 23:03:57 com_ccevents [debug] ExhibitionAction::execute()
Aug 25 23:03:57 com_ccevents [debug] ExhibitionAction::summary()
Aug 25 23:03:57 com_ccevents [debug] ExhibitionAction::setSummaryModel()
Aug 25 23:03:57 com_ccevents [debug] Size of pubStates array: 0
Aug 25 23:03:57 com_ccevents [debug] EventService::getEventsByPubState(Exhibition, , )
Aug 25 23:03:57 com_ccevents [debug] DB Query: from Exhibition as e where e.pubState is null or e.pubState.value != ?  order by displayOrder
Aug 25 23:03:57 com_ccevents [debug] DB Criteria: Archived
Aug 25 23:04:06 com_ccevents [debug] 

Aug 25 23:04:06 com_ccevents [debug] action scope=exbt class=ExhibitionAction file=/Applications/MAMP/htdocs/scc/src/administrator/components/com_ccevents/WEB-INF/actions/ExhibitionAction.php
Aug 25 23:04:06 com_ccevents [debug] ExhibitionAction::execute()
Aug 25 23:04:06 com_ccevents [debug] ExhibitionAction::summary()
Aug 25 23:04:06 com_ccevents [debug] ExhibitionAction::setSummaryModel()
Aug 25 23:04:06 com_ccevents [debug] Size of pubStates array: 0
Aug 25 23:04:06 com_ccevents [debug] EventService::getEventsByPubState(Exhibition, , )
Aug 25 23:04:06 com_ccevents [debug] DB Query: from Exhibition as e where e.pubState is null or e.pubState.value != ?  order by displayOrder
Aug 25 23:04:06 com_ccevents [debug] DB Criteria: Archived
Aug 25 23:04:12 com_ccevents [debug] 

Aug 25 23:04:12 com_ccevents [debug] action scope=exbt class=ExhibitionAction file=/Applications/MAMP/htdocs/scc/src/administrator/components/com_ccevents/WEB-INF/actions/ExhibitionAction.php
Aug 25 23:04:12 com_ccevents [debug] ExhibitionAction::execute()
Aug 25 23:04:12 com_ccevents [debug] ExhibitionAction::summary()
Aug 25 23:04:12 com_ccevents [debug] ExhibitionAction::setSummaryModel()
Aug 25 23:04:12 com_ccevents [debug] Size of pubStates array: 0
Aug 25 23:04:12 com_ccevents [debug] EventService::getEventsByPubState(Exhibition, , )
Aug 25 23:04:12 com_ccevents [debug] DB Query: from Exhibition as e where e.pubState is null or e.pubState.value != ?  order by displayOrder
Aug 25 23:04:12 com_ccevents [debug] DB Criteria: Archived
Aug 25 23:04:16 com_ccevents [debug] 

Aug 25 23:04:16 com_ccevents [debug] action scope=exbt class=ExhibitionAction file=/Applications/MAMP/htdocs/scc/src/administrator/components/com_ccevents/WEB-INF/actions/ExhibitionAction.php
Aug 25 23:04:16 com_ccevents [debug] ExhibitionAction::execute()
Aug 25 23:04:16 com_ccevents [debug] ExhibitionAction::summary()
Aug 25 23:04:16 com_ccevents [debug] ExhibitionAction::setSummaryModel()
Aug 25 23:04:16 com_ccevents [debug] Size of pubStates array: 0
Aug 25 23:04:16 com_ccevents [debug] EventService::getEventsByPubState(Exhibition, , )
Aug 25 23:04:16 com_ccevents [debug] DB Query: from Exhibition as e where e.pubState is null or e.pubState.value != ?  order by displayOrder
Aug 25 23:04:16 com_ccevents [debug] DB Criteria: Archived
Aug 25 23:05:38 com_ccevents [debug] 

Aug 25 23:05:38 com_ccevents [debug] action scope=exbt class=ExhibitionAction file=/Applications/MAMP/htdocs/scc/src/administrator/components/com_ccevents/WEB-INF/actions/ExhibitionAction.php
Aug 25 23:05:38 com_ccevents [debug] ExhibitionAction::execute()
Aug 25 23:05:38 com_ccevents [debug] ExhibitionAction::summary()
Aug 25 23:05:38 com_ccevents [debug] ExhibitionAction::setSummaryModel()
Aug 25 23:05:38 com_ccevents [debug] Size of pubStates array: 0
Aug 25 23:05:38 com_ccevents [debug] EventService::getEventsByPubState(Exhibition, , )
Aug 25 23:05:38 com_ccevents [debug] DB Query: from Exhibition as e where e.pubState is null or e.pubState.value != ?  order by displayOrder
Aug 25 23:05:38 com_ccevents [debug] DB Criteria: Archived
Aug 25 23:06:55 com_ccevents [debug] 

Aug 25 23:06:55 com_ccevents [debug] action scope=exbt class=ExhibitionAction file=/Applications/MAMP/htdocs/scc/src/administrator/components/com_ccevents/WEB-INF/actions/ExhibitionAction.php
Aug 25 23:06:55 com_ccevents [debug] ExhibitionAction::execute()
Aug 25 23:06:55 com_ccevents [debug] ExhibitionAction::summary()
Aug 25 23:06:55 com_ccevents [debug] ExhibitionAction::setSummaryModel()
Aug 25 23:06:55 com_ccevents [debug] Size of pubStates array: 0
Aug 25 23:06:55 com_ccevents [debug] EventService::getEventsByPubState(Exhibition, , )
Aug 25 23:06:55 com_ccevents [debug] DB Query: from Exhibition as e where e.pubState is null or e.pubState.value != ?  order by displayOrder
Aug 25 23:06:55 com_ccevents [debug] DB Criteria: Archived
Aug 25 23:07:01 com_ccevents [debug] 

Aug 25 23:07:01 com_ccevents [debug] action scope=exbt class=ExhibitionAction file=/Applications/MAMP/htdocs/scc/src/administrator/components/com_ccevents/WEB-INF/actions/ExhibitionAction.php
Aug 25 23:07:01 com_ccevents [debug] ExhibitionAction::execute()
Aug 25 23:07:01 com_ccevents [debug] ExhibitionAction::summary()
Aug 25 23:07:01 com_ccevents [debug] ExhibitionAction::setSummaryModel()
Aug 25 23:07:01 com_ccevents [debug] Size of pubStates array: 0
Aug 25 23:07:01 com_ccevents [debug] EventService::getEventsByPubState(Exhibition, , )
Aug 25 23:07:01 com_ccevents [debug] DB Query: from Exhibition as e where e.pubState is null or e.pubState.value != ?  order by displayOrder
Aug 25 23:07:01 com_ccevents [debug] DB Criteria: Archived
Aug 25 23:07:38 com_ccevents [debug] 

Aug 25 23:07:38 com_ccevents [debug] action scope=exbt class=ExhibitionAction file=/Applications/MAMP/htdocs/scc/src/administrator/components/com_ccevents/WEB-INF/actions/ExhibitionAction.php
Aug 25 23:07:38 com_ccevents [debug] ExhibitionAction::execute()
Aug 25 23:07:38 com_ccevents [debug] ExhibitionAction::summary()
Aug 25 23:07:38 com_ccevents [debug] ExhibitionAction::setSummaryModel()
Aug 25 23:07:38 com_ccevents [debug] Size of pubStates array: 0
Aug 25 23:07:38 com_ccevents [debug] EventService::getEventsByPubState(Exhibition, , )
Aug 25 23:07:38 com_ccevents [debug] DB Query: from Exhibition as e where e.pubState is null or e.pubState.value != ?  order by displayOrder
Aug 25 23:07:38 com_ccevents [debug] DB Criteria: Archived
Aug 25 23:07:44 com_ccevents [debug] 

Aug 25 23:07:44 com_ccevents [debug] action scope=exbt class=ExhibitionAction file=/Applications/MAMP/htdocs/scc/src/administrator/components/com_ccevents/WEB-INF/actions/ExhibitionAction.php
Aug 25 23:07:44 com_ccevents [debug] ExhibitionAction::execute()
Aug 25 23:07:44 com_ccevents [debug] ExhibitionAction::summary()
Aug 25 23:07:44 com_ccevents [debug] ExhibitionAction::setSummaryModel()
Aug 25 23:07:44 com_ccevents [debug] Size of pubStates array: 0
Aug 25 23:07:44 com_ccevents [debug] EventService::getEventsByPubState(Exhibition, , )
Aug 25 23:07:44 com_ccevents [debug] DB Query: from Exhibition as e where e.pubState is null or e.pubState.value != ?  order by displayOrder
Aug 25 23:07:44 com_ccevents [debug] DB Criteria: Archived
Aug 25 23:07:47 com_ccevents [debug] 

Aug 25 23:07:47 com_ccevents [debug] action scope=exbt class=ExhibitionAction file=/Applications/MAMP/htdocs/scc/src/administrator/components/com_ccevents/WEB-INF/actions/ExhibitionAction.php
Aug 25 23:07:47 com_ccevents [debug] ExhibitionAction::execute()
Aug 25 23:07:47 com_ccevents [debug] ExhibitionAction::summary()
Aug 25 23:07:47 com_ccevents [debug] ExhibitionAction::setSummaryModel()
Aug 25 23:07:47 com_ccevents [debug] Size of pubStates array: 0
Aug 25 23:07:47 com_ccevents [debug] EventService::getEventsByPubState(Exhibition, , )
Aug 25 23:07:47 com_ccevents [debug] DB Query: from Exhibition as e where e.pubState is null or e.pubState.value != ?  order by displayOrder
Aug 25 23:07:47 com_ccevents [debug] DB Criteria: Archived
Aug 25 23:18:56 com_ccevents [debug] 

Aug 25 23:18:56 com_ccevents [debug] action scope=exbt class=ExhibitionAction file=/Applications/MAMP/htdocs/scc/src/administrator/components/com_ccevents/WEB-INF/actions/ExhibitionAction.php
Aug 25 23:18:56 com_ccevents [debug] ExhibitionAction::execute()
Aug 25 23:18:56 com_ccevents [debug] ExhibitionAction::summary()
Aug 25 23:18:56 com_ccevents [debug] ExhibitionAction::setSummaryModel()
Aug 25 23:18:56 com_ccevents [debug] Size of pubStates array: 0
Aug 25 23:18:56 com_ccevents [debug] EventService::getEventsByPubState(Exhibition, , )
Aug 25 23:18:56 com_ccevents [debug] DB Query: from Exhibition as e where e.pubState is null or e.pubState.value != ?  order by displayOrder
Aug 25 23:18:56 com_ccevents [debug] DB Criteria: Archived
Aug 25 23:20:42 com_ccevents [debug] 

Aug 25 23:20:42 com_ccevents [debug] action scope=exbt class=ExhibitionAction file=/Applications/MAMP/htdocs/scc/src/administrator/components/com_ccevents/WEB-INF/actions/ExhibitionAction.php
Aug 25 23:20:42 com_ccevents [debug] ExhibitionAction::execute()
Aug 25 23:20:42 com_ccevents [debug] ExhibitionAction::summary()
Aug 25 23:20:42 com_ccevents [debug] ExhibitionAction::setSummaryModel()
Aug 25 23:20:42 com_ccevents [debug] Size of pubStates array: 0
Aug 25 23:20:42 com_ccevents [debug] EventService::getEventsByPubState(Exhibition, , )
Aug 25 23:20:42 com_ccevents [debug] DB Query: from Exhibition as e where e.pubState is null or e.pubState.value != ?  order by displayOrder
Aug 25 23:20:42 com_ccevents [debug] DB Criteria: Archived
Aug 25 23:22:48 com_ccevents [debug] 

Aug 25 23:22:48 com_ccevents [debug] action scope=exbt class=ExhibitionAction file=/Applications/MAMP/htdocs/scc/src/administrator/components/com_ccevents/WEB-INF/actions/ExhibitionAction.php
Aug 25 23:22:48 com_ccevents [debug] ExhibitionAction::execute()
Aug 25 23:22:48 com_ccevents [debug] ExhibitionAction::summary()
Aug 25 23:22:48 com_ccevents [debug] ExhibitionAction::setSummaryModel()
Aug 25 23:22:48 com_ccevents [debug] Size of pubStates array: 0
Aug 25 23:22:48 com_ccevents [debug] EventService::getEventsByPubState(Exhibition, , )
Aug 25 23:22:48 com_ccevents [debug] DB Query: from Exhibition as e where e.pubState is null or e.pubState.value != ?  order by displayOrder
Aug 25 23:22:48 com_ccevents [debug] DB Criteria: Archived
Aug 25 23:22:58 com_ccevents [debug] 

Aug 25 23:22:58 com_ccevents [debug] action scope=exbt class=ExhibitionAction file=/Applications/MAMP/htdocs/scc/src/administrator/components/com_ccevents/WEB-INF/actions/ExhibitionAction.php
Aug 25 23:22:58 com_ccevents [debug] ExhibitionAction::execute()
Aug 25 23:22:58 com_ccevents [debug] ExhibitionAction::summary()
Aug 25 23:22:58 com_ccevents [debug] ExhibitionAction::setSummaryModel()
Aug 25 23:22:58 com_ccevents [debug] Size of pubStates array: 0
Aug 25 23:22:58 com_ccevents [debug] EventService::getEventsByPubState(Exhibition, , )
Aug 25 23:22:58 com_ccevents [debug] DB Query: from Exhibition as e where e.pubState is null or e.pubState.value != ?  order by displayOrder
Aug 25 23:22:58 com_ccevents [debug] DB Criteria: Archived
Aug 25 23:23:10 com_ccevents [debug] 

Aug 25 23:23:10 com_ccevents [debug] action scope=exbt class=ExhibitionAction file=/Applications/MAMP/htdocs/scc/src/administrator/components/com_ccevents/WEB-INF/actions/ExhibitionAction.php
Aug 25 23:23:10 com_ccevents [debug] ExhibitionAction::execute()
Aug 25 23:23:10 com_ccevents [debug] ExhibitionAction::summary()
Aug 25 23:23:10 com_ccevents [debug] ExhibitionAction::setSummaryModel()
Aug 25 23:23:10 com_ccevents [debug] Size of pubStates array: 0
Aug 25 23:23:10 com_ccevents [debug] EventService::getEventsByPubState(Exhibition, , )
Aug 25 23:23:10 com_ccevents [debug] DB Query: from Exhibition as e where e.pubState is null or e.pubState.value != ?  order by displayOrder
Aug 25 23:23:10 com_ccevents [debug] DB Criteria: Archived
Aug 29 17:29:43 com_ccevents [debug] 

Aug 29 17:29:43 com_ccevents [debug] action scope=exbt class=ExhibitionAction file=/Applications/MAMP/htdocs/scc/src/administrator/components/com_ccevents/WEB-INF/actions/ExhibitionAction.php
Aug 29 17:29:44 com_ccevents [debug] ExhibitionAction::execute()
Aug 29 17:29:44 com_ccevents [debug] ExhibitionAction::summary()
Aug 29 17:29:44 com_ccevents [debug] ExhibitionAction::setSummaryModel()
Aug 29 17:29:44 com_ccevents [debug] Size of pubStates array: 0
Aug 29 17:29:44 com_ccevents [debug] EventService::getEventsByPubState(Exhibition, , )
Aug 29 17:29:44 com_ccevents [debug] DB Query: from Exhibition as e where e.pubState is null or e.pubState.value != ?  order by displayOrder
Aug 29 17:29:44 com_ccevents [debug] DB Criteria: Archived
Aug 29 17:32:37 com_ccevents [debug] 

Aug 29 17:32:37 com_ccevents [debug] action scope=exbt class=ExhibitionAction file=/Applications/MAMP/htdocs/scc/src/administrator/components/com_ccevents/WEB-INF/actions/ExhibitionAction.php
Aug 29 17:32:37 com_ccevents [debug] ExhibitionAction::execute()
Aug 29 17:32:37 com_ccevents [debug] ExhibitionAction::summary()
Aug 29 17:32:37 com_ccevents [debug] ExhibitionAction::setSummaryModel()
Aug 29 17:32:37 com_ccevents [debug] Size of pubStates array: 0
Aug 29 17:32:37 com_ccevents [debug] EventService::getEventsByPubState(Exhibition, , )
Aug 29 17:32:37 com_ccevents [debug] DB Query: from Exhibition as e where e.pubState is null or e.pubState.value != ?  order by displayOrder
Aug 29 17:32:37 com_ccevents [debug] DB Criteria: Archived
Aug 29 17:32:43 com_ccevents [debug] 

Aug 29 17:32:43 com_ccevents [debug] action scope=exbt class=ExhibitionAction file=/Applications/MAMP/htdocs/scc/src/administrator/components/com_ccevents/WEB-INF/actions/ExhibitionAction.php
Aug 29 17:32:43 com_ccevents [debug] ExhibitionAction::execute()
Aug 29 17:32:43 com_ccevents [debug] ExhibitionAction::summary()
Aug 29 17:32:43 com_ccevents [debug] ExhibitionAction::setSummaryModel()
Aug 29 17:32:43 com_ccevents [debug] Size of pubStates array: 0
Aug 29 17:32:43 com_ccevents [debug] EventService::getEventsByPubState(Exhibition, , )
Aug 29 17:32:43 com_ccevents [debug] DB Query: from Exhibition as e where e.pubState is null or e.pubState.value != ?  order by displayOrder
Aug 29 17:32:43 com_ccevents [debug] DB Criteria: Archived
Aug 29 17:32:54 com_ccevents [debug] 

Aug 29 17:32:54 com_ccevents [debug] action scope=exbt class=ExhibitionAction file=/Applications/MAMP/htdocs/scc/src/administrator/components/com_ccevents/WEB-INF/actions/ExhibitionAction.php
Aug 29 17:32:54 com_ccevents [debug] ExhibitionAction::execute()
Aug 29 17:32:54 com_ccevents [debug] ExhibitionAction::summary()
Aug 29 17:32:54 com_ccevents [debug] ExhibitionAction::setSummaryModel()
Aug 29 17:32:54 com_ccevents [debug] Size of pubStates array: 0
Aug 29 17:32:54 com_ccevents [debug] EventService::getEventsByPubState(Exhibition, , )
Aug 29 17:32:54 com_ccevents [debug] DB Query: from Exhibition as e where e.pubState is null or e.pubState.value != ?  order by displayOrder
Aug 29 17:32:54 com_ccevents [debug] DB Criteria: Archived
Aug 29 17:34:36 com_ccevents [debug] 

Aug 29 17:34:36 com_ccevents [debug] action scope=exbt class=ExhibitionAction file=/Applications/MAMP/htdocs/scc/src/administrator/components/com_ccevents/WEB-INF/actions/ExhibitionAction.php
Aug 29 17:34:36 com_ccevents [debug] ExhibitionAction::execute()
Aug 29 17:34:36 com_ccevents [debug] ExhibitionAction::summary()
Aug 29 17:34:36 com_ccevents [debug] ExhibitionAction::setSummaryModel()
Aug 29 17:34:36 com_ccevents [debug] Size of pubStates array: 0
Aug 29 17:34:36 com_ccevents [debug] EventService::getEventsByPubState(Exhibition, , )
Aug 29 17:34:36 com_ccevents [debug] DB Query: from Exhibition as e where e.pubState is null or e.pubState.value != ?  order by displayOrder
Aug 29 17:34:36 com_ccevents [debug] DB Criteria: Archived
Aug 29 17:35:54 com_ccevents [debug] 

Aug 29 17:35:54 com_ccevents [debug] action scope=exbt class=ExhibitionAction file=/Applications/MAMP/htdocs/scc/src/administrator/components/com_ccevents/WEB-INF/actions/ExhibitionAction.php
Aug 29 17:35:54 com_ccevents [debug] ExhibitionAction::execute()
Aug 29 17:35:54 com_ccevents [debug] ExhibitionAction::summary()
Aug 29 17:35:54 com_ccevents [debug] ExhibitionAction::setSummaryModel()
Aug 29 17:35:54 com_ccevents [debug] Size of pubStates array: 0
Aug 29 17:35:54 com_ccevents [debug] EventService::getEventsByPubState(Exhibition, , )
Aug 29 17:35:54 com_ccevents [debug] DB Query: from Exhibition as e where e.pubState is null or e.pubState.value != ?  order by displayOrder
Aug 29 17:35:54 com_ccevents [debug] DB Criteria: Archived
Aug 29 23:56:28 com_ccevents [debug] 

Aug 29 23:56:28 com_ccevents [debug] action scope=exbt class=ExhibitionAction file=/Applications/MAMP/htdocs/scc/src/administrator/components/com_ccevents/WEB-INF/actions/ExhibitionAction.php
Aug 29 23:56:28 com_ccevents [debug] ExhibitionAction::execute()
Aug 29 23:56:28 com_ccevents [debug] ExhibitionAction::summary()
Aug 29 23:56:28 com_ccevents [debug] ExhibitionAction::setSummaryModel()
Aug 29 23:56:28 com_ccevents [debug] Size of pubStates array: 0
Aug 29 23:56:28 com_ccevents [debug] EventService::getEventsByPubState(Exhibition, , )
Aug 29 23:56:49 com_ccevents [debug] 

Aug 29 23:56:49 com_ccevents [debug] action scope=exbt class=ExhibitionAction file=/Applications/MAMP/htdocs/scc/src/administrator/components/com_ccevents/WEB-INF/actions/ExhibitionAction.php
Aug 29 23:56:49 com_ccevents [debug] ExhibitionAction::execute()
Aug 29 23:56:49 com_ccevents [debug] ExhibitionAction::summary()
Aug 29 23:56:49 com_ccevents [debug] ExhibitionAction::setSummaryModel()
Aug 29 23:56:49 com_ccevents [debug] Size of pubStates array: 0
Aug 29 23:56:49 com_ccevents [debug] EventService::getEventsByPubState(Exhibition, , )
Aug 29 23:57:07 com_ccevents [debug] 

Aug 29 23:57:07 com_ccevents [debug] action scope=exbt class=ExhibitionAction file=/Applications/MAMP/htdocs/scc/src/administrator/components/com_ccevents/WEB-INF/actions/ExhibitionAction.php
Aug 29 23:57:07 com_ccevents [debug] ExhibitionAction::execute()
Aug 29 23:57:07 com_ccevents [debug] ExhibitionAction::summary()
Aug 29 23:57:07 com_ccevents [debug] ExhibitionAction::setSummaryModel()
Aug 29 23:57:07 com_ccevents [debug] Size of pubStates array: 0
Aug 29 23:57:07 com_ccevents [debug] EventService::getEventsByPubState(Exhibition, , )
Aug 29 23:57:39 com_ccevents [debug] 

Aug 29 23:57:39 com_ccevents [debug] action scope=exbt class=ExhibitionAction file=/Applications/MAMP/htdocs/scc/src/administrator/components/com_ccevents/WEB-INF/actions/ExhibitionAction.php
Aug 29 23:57:39 com_ccevents [debug] ExhibitionAction::execute()
Aug 29 23:57:39 com_ccevents [debug] ExhibitionAction::summary()
Aug 29 23:57:39 com_ccevents [debug] ExhibitionAction::setSummaryModel()
Aug 29 23:57:39 com_ccevents [debug] Size of pubStates array: 0
Aug 29 23:57:39 com_ccevents [debug] EventService::getEventsByPubState(Exhibition, , )
Aug 29 23:57:50 com_ccevents [debug] 

Aug 29 23:57:50 com_ccevents [debug] action scope=exbt class=ExhibitionAction file=/Applications/MAMP/htdocs/scc/src/administrator/components/com_ccevents/WEB-INF/actions/ExhibitionAction.php
Aug 29 23:57:50 com_ccevents [debug] ExhibitionAction::execute()
Aug 29 23:57:50 com_ccevents [debug] ExhibitionAction::summary()
Aug 29 23:57:50 com_ccevents [debug] ExhibitionAction::setSummaryModel()
Aug 29 23:57:50 com_ccevents [debug] Size of pubStates array: 0
Aug 29 23:57:50 com_ccevents [debug] EventService::getEventsByPubState(Exhibition, , )
Aug 30 00:00:57 com_ccevents [debug] 

Aug 30 00:00:57 com_ccevents [debug] action scope=exbt class=ExhibitionAction file=/Applications/MAMP/htdocs/scc/src/administrator/components/com_ccevents/WEB-INF/actions/ExhibitionAction.php
Aug 30 00:00:57 com_ccevents [debug] ExhibitionAction::execute()
Aug 30 00:00:57 com_ccevents [debug] ExhibitionAction::summary()
Aug 30 00:00:57 com_ccevents [debug] ExhibitionAction::setSummaryModel()
Aug 30 00:00:57 com_ccevents [debug] Size of pubStates array: 0
Aug 30 00:00:57 com_ccevents [debug] EventService::getEventsByPubState(Exhibition, , )
Aug 30 00:00:57 com_ccevents [debug] DB Query: from Exhibition as e where e.pubState is null or e.pubState.value != ?  order by displayOrder
Aug 30 00:00:57 com_ccevents [debug] DB Criteria: Archived
Aug 30 00:01:32 com_ccevents [debug] 

Aug 30 00:01:32 com_ccevents [debug] action scope=exbt class=ExhibitionAction file=/Applications/MAMP/htdocs/scc/src/administrator/components/com_ccevents/WEB-INF/actions/ExhibitionAction.php
Aug 30 00:01:32 com_ccevents [debug] ExhibitionAction::execute()
Aug 30 00:01:32 com_ccevents [debug] ExhibitionAction::summary()
Aug 30 00:01:32 com_ccevents [debug] ExhibitionAction::setSummaryModel()
Aug 30 00:01:32 com_ccevents [debug] Size of pubStates array: 0
Aug 30 00:01:32 com_ccevents [debug] EventService::getEventsByPubState(Exhibition, , )
Aug 30 00:01:32 com_ccevents [debug] DB Query: from Exhibition as e where e.pubState is null or e.pubState.value != ?  order by displayOrder
Aug 30 00:01:32 com_ccevents [debug] DB Criteria: Archived
Aug 30 00:01:52 com_ccevents [debug] 

Aug 30 00:01:52 com_ccevents [debug] action scope=exbt class=ExhibitionAction file=/Applications/MAMP/htdocs/scc/src/administrator/components/com_ccevents/WEB-INF/actions/ExhibitionAction.php
Aug 30 00:01:52 com_ccevents [debug] ExhibitionAction::execute()
Aug 30 00:01:52 com_ccevents [debug] ExhibitionAction::summary()
Aug 30 00:01:52 com_ccevents [debug] ExhibitionAction::setSummaryModel()
Aug 30 00:01:52 com_ccevents [debug] Size of pubStates array: 0
Aug 30 00:01:52 com_ccevents [debug] EventService::getEventsByPubState(Exhibition, , )
Aug 30 00:01:52 com_ccevents [debug] DB Query: from Exhibition as e where e.pubState is null or e.pubState.value != ?  order by displayOrder
Aug 30 00:01:52 com_ccevents [debug] DB Criteria: Archived
Aug 30 00:01:57 com_ccevents [debug] 

Aug 30 00:01:57 com_ccevents [debug] action scope=exbt class=ExhibitionAction file=/Applications/MAMP/htdocs/scc/src/administrator/components/com_ccevents/WEB-INF/actions/ExhibitionAction.php
Aug 30 00:01:57 com_ccevents [debug] ExhibitionAction::execute()
Aug 30 00:01:57 com_ccevents [debug] ExhibitionAction::summary()
Aug 30 00:01:57 com_ccevents [debug] ExhibitionAction::setSummaryModel()
Aug 30 00:01:57 com_ccevents [debug] Size of pubStates array: 0
Aug 30 00:01:57 com_ccevents [debug] EventService::getEventsByPubState(Exhibition, , )
Aug 30 00:01:57 com_ccevents [debug] DB Query: from Exhibition as e where e.pubState is null or e.pubState.value != ?  order by displayOrder
Aug 30 00:01:57 com_ccevents [debug] DB Criteria: Archived
Sep 02 14:00:52 com_ccevents [debug] 

Sep 02 14:00:52 com_ccevents [debug] action scope=exbt class=ExhibitionAction file=/Applications/MAMP/htdocs/scc/src/administrator/components/com_ccevents/WEB-INF/actions/ExhibitionAction.php
Sep 02 14:00:54 com_ccevents [debug] ExhibitionAction::execute()
Sep 02 14:00:54 com_ccevents [debug] ExhibitionAction::summary()
Sep 02 14:00:54 com_ccevents [debug] ExhibitionAction::setSummaryModel()
Sep 02 14:00:54 com_ccevents [debug] Size of pubStates array: 0
Sep 02 14:00:54 com_ccevents [debug] EventService::getEventsByPubState(Exhibition, , )
Sep 02 14:00:54 com_ccevents [debug] DB Query: from Exhibition as e where e.pubState is null or e.pubState.value != ?  order by displayOrder
Sep 02 14:00:54 com_ccevents [debug] DB Criteria: Archived
Sep 02 23:40:09 com_ccevents [debug] FrontExhibitionAction::summary()
Sep 02 23:40:09 com_ccevents [debug] GalleryService::construct()
Sep 03 00:13:27 com_ccevents [debug] FrontExhibitionAction::summary()
Sep 03 00:13:27 com_ccevents [debug] GalleryService::construct()
Sep 03 18:09:24 com_ccevents [debug] FrontExhibitionAction::summary()
Sep 03 18:09:24 com_ccevents [debug] GalleryService::construct()
Sep 04 01:19:35 com_ccevents [debug] FrontExhibitionAction::summary()
Sep 04 01:19:35 com_ccevents [debug] GalleryService::construct()
Sep 04 01:29:20 com_ccevents [debug] 

Sep 04 01:29:20 com_ccevents [debug] action scope=exbt class=ExhibitionAction file=/Applications/MAMP/htdocs/scc/src/administrator/components/com_ccevents/WEB-INF/actions/ExhibitionAction.php
Sep 04 01:29:20 com_ccevents [debug] ExhibitionAction::summary()
Sep 04 01:29:20 com_ccevents [debug] ExhibitionAction::setSummaryModel()
Sep 04 01:29:20 com_ccevents [debug] Size of pubStates array: 0
Sep 04 01:29:20 com_ccevents [debug] EventService::getEventsByPubState(Exhibition, , )
Sep 04 01:29:40 com_ccevents [debug] 

Sep 04 01:29:40 com_ccevents [debug] action scope=exbt class=ExhibitionAction file=/Applications/MAMP/htdocs/scc/src/administrator/components/com_ccevents/WEB-INF/actions/ExhibitionAction.php
Sep 04 01:29:40 com_ccevents [debug] ExhibitionAction::execute()
Sep 04 01:29:40 com_ccevents [debug] ExhibitionAction::summary()
Sep 04 01:29:40 com_ccevents [debug] ExhibitionAction::setSummaryModel()
Sep 04 01:29:40 com_ccevents [debug] Size of pubStates array: 0
Sep 04 01:29:40 com_ccevents [debug] EventService::getEventsByPubState(Exhibition, , )
Sep 04 01:29:44 com_ccevents [debug] 

Sep 04 01:29:44 com_ccevents [debug] action scope=exbt class=ExhibitionAction file=/Applications/MAMP/htdocs/scc/src/administrator/components/com_ccevents/WEB-INF/actions/ExhibitionAction.php
Sep 04 01:29:44 com_ccevents [debug] ExhibitionAction::execute()
Sep 04 01:29:44 com_ccevents [debug] ExhibitionAction::summary()
Sep 04 01:29:44 com_ccevents [debug] ExhibitionAction::setSummaryModel()
Sep 04 01:29:44 com_ccevents [debug] Size of pubStates array: 0
Sep 04 01:29:44 com_ccevents [debug] EventService::getEventsByPubState(Exhibition, , )
Sep 04 01:31:29 com_ccevents [debug] 

Sep 04 01:31:29 com_ccevents [debug] action scope=exbt class=ExhibitionAction file=/Applications/MAMP/htdocs/scc/src/administrator/components/com_ccevents/WEB-INF/actions/ExhibitionAction.php
Sep 04 01:31:29 com_ccevents [debug] ExhibitionAction::execute()
Sep 04 01:31:29 com_ccevents [debug] ExhibitionAction::summary()
Sep 04 01:31:29 com_ccevents [debug] ExhibitionAction::setSummaryModel()
Sep 04 01:31:29 com_ccevents [debug] Size of pubStates array: 0
Sep 04 01:31:29 com_ccevents [debug] EventService::getEventsByPubState(Exhibition, , )
Sep 04 01:34:20 com_ccevents [debug] 

Sep 04 01:34:20 com_ccevents [debug] action scope=exbt class=ExhibitionAction file=/Applications/MAMP/htdocs/scc/src/administrator/components/com_ccevents/WEB-INF/actions/ExhibitionAction.php
Sep 04 01:34:20 com_ccevents [debug] ExhibitionAction::execute()
Sep 04 01:34:20 com_ccevents [debug] ExhibitionAction::summary()
Sep 04 01:34:20 com_ccevents [debug] ExhibitionAction::setSummaryModel()
Sep 04 01:34:20 com_ccevents [debug] Size of pubStates array: 0
Sep 04 01:34:20 com_ccevents [debug] EventService::getEventsByPubState(Exhibition, , )
Sep 04 01:38:36 com_ccevents [debug] 

Sep 04 01:38:36 com_ccevents [debug] action scope=exbt class=ExhibitionAction file=/Applications/MAMP/htdocs/scc/src/administrator/components/com_ccevents/WEB-INF/actions/ExhibitionAction.php
Sep 04 01:38:36 com_ccevents [debug] ExhibitionAction::execute()
Sep 04 01:38:36 com_ccevents [debug] ExhibitionAction::summary()
Sep 04 01:38:36 com_ccevents [debug] ExhibitionAction::setSummaryModel()
Sep 04 01:38:36 com_ccevents [debug] Size of pubStates array: 0
Sep 04 01:38:36 com_ccevents [debug] EventService::getEventsByPubState(Exhibition, , )
Sep 04 01:39:47 com_ccevents [debug] 

Sep 04 01:39:47 com_ccevents [debug] action scope=exbt class=ExhibitionAction file=/Applications/MAMP/htdocs/scc/src/administrator/components/com_ccevents/WEB-INF/actions/ExhibitionAction.php
Sep 04 01:39:47 com_ccevents [debug] ExhibitionAction::execute()
Sep 04 01:39:47 com_ccevents [debug] ExhibitionAction::summary()
Sep 04 01:39:47 com_ccevents [debug] ExhibitionAction::setSummaryModel()
Sep 04 01:39:47 com_ccevents [debug] Size of pubStates array: 0
Sep 04 01:39:47 com_ccevents [debug] EventService::getEventsByPubState(Exhibition, , )
Sep 04 01:40:36 com_ccevents [debug] 

Sep 04 01:40:36 com_ccevents [debug] action scope=exbt class=ExhibitionAction file=/Applications/MAMP/htdocs/scc/src/administrator/components/com_ccevents/WEB-INF/actions/ExhibitionAction.php
Sep 04 01:40:36 com_ccevents [debug] ExhibitionAction::execute()
Sep 04 01:40:36 com_ccevents [debug] ExhibitionAction::summary()
Sep 04 01:40:36 com_ccevents [debug] ExhibitionAction::setSummaryModel()
Sep 04 01:40:36 com_ccevents [debug] Size of pubStates array: 0
Sep 04 01:40:36 com_ccevents [debug] EventService::getEventsByPubState(Exhibition, , )
